This file contains any messages produced by compilers while
running configure, to aid debugging if configure makes a mistake.

It was created by ggk configure 1.0, which was
generated by GNU Autoconf 2.71.  Invocation command line was

  $ ./configure --no-create --no-recursion

## --------- ##
## Platform. ##
## --------- ##

hostname = RaspbpiA
uname -m = aarch64
uname -r = 5.10.11-v8
uname -s = Linux
uname -v = #1 SMP PREEMPT Tue Apr 27 18:21:00 -00 2021

/usr/bin/uname -p = unknown
/bin/uname -X     = unknown

/bin/arch              = unknown
/usr/bin/arch -k       = unknown
/usr/convex/getsysinfo = unknown
/usr/bin/hostinfo      = unknown
/bin/machine           = unknown
/usr/bin/oslevel       = unknown
/bin/universe          = unknown

PATH: /home/awiwi/.vscode-server/bin/74b1f979648cc44d385a2286793c226e611f59e7/bin/remote-cli/
PATH: /usr/local/sbin/
PATH: /usr/local/bin/
PATH: /usr/sbin/
PATH: /usr/bin/
PATH: /sbin/
PATH: /bin/
PATH: /opt/bin/
PATH: /usr/lib/llvm/13/bin/


## ----------- ##
## Core tests. ##
## ----------- ##

configure:2414: looking for aux files: ar-lib compile missing install-sh
configure:2427:  trying ./build-aux/
configure:2456:   ./build-aux/ar-lib found
configure:2456:   ./build-aux/compile found
configure:2456:   ./build-aux/missing found
configure:2438:   ./build-aux/install-sh found
configure:2587: checking for a BSD-compatible install
configure:2660: result: /usr/bin/install -c
configure:2671: checking whether build environment is sane
configure:2726: result: yes
configure:2885: checking for a race-free mkdir -p
configure:2929: result: /bin/mkdir -p
configure:2936: checking for gawk
configure:2957: found /usr/bin/gawk
configure:2968: result: gawk
configure:2979: checking whether make sets $(MAKE)
configure:3002: result: yes
configure:3032: checking whether make supports nested variables
configure:3050: result: yes
configure:3199: checking whether make supports the include directive
configure:3214: make -f confmf.GNU && cat confinc.out
make[4]: Entering directory '/home/awiwi/gobbledegook'
make[4]: Leaving directory '/home/awiwi/gobbledegook'
this is the am__doit target
configure:3217: $? = 0
configure:3236: result: yes (GNU style)
configure:3312: checking for gcc
configure:3333: found /usr/bin/gcc
configure:3344: result: gcc
configure:3697: checking for C compiler version
configure:3706: gcc --version >&5
gcc (Gentoo 11.2.0 p1) 11.2.0
Copyright (C) 2021 Free Software Foundation, Inc.
This is free software; see the source for copying conditions.  There is NO
warranty; not even for MERCHANTABILITY or FITNESS FOR A PARTICULAR PURPOSE.

configure:3717: $? = 0
configure:3706: gcc -v >&5
Using built-in specs.
COLLECT_GCC=gcc
COLLECT_LTO_WRAPPER=/usr/libexec/gcc/aarch64-unknown-linux-gnu/11.2.0/lto-wrapper
Target: aarch64-unknown-linux-gnu
Configured with: /var/tmp/portage/sys-devel/gcc-11.2.0/work/gcc-11.2.0/configure --host=aarch64-unknown-linux-gnu --build=aarch64-unknown-linux-gnu --prefix=/usr --bindir=/usr/aarch64-unknown-linux-gnu/gcc-bin/11.2.0 --includedir=/usr/lib/gcc/aarch64-unknown-linux-gnu/11.2.0/include --datadir=/usr/share/gcc-data/aarch64-unknown-linux-gnu/11.2.0 --mandir=/usr/share/gcc-data/aarch64-unknown-linux-gnu/11.2.0/man --infodir=/usr/share/gcc-data/aarch64-unknown-linux-gnu/11.2.0/info --with-gxx-include-dir=/usr/lib/gcc/aarch64-unknown-linux-gnu/11.2.0/include/g++-v11 --with-python-dir=/share/gcc-data/aarch64-unknown-linux-gnu/11.2.0/python --enable-languages=c,c++,fortran --enable-obsolete --enable-secureplt --disable-werror --with-system-zlib --enable-nls --without-included-gettext --disable-libunwind-exceptions --enable-checking=release --with-bugurl=https://bugs.gentoo.org/ --with-pkgversion='Gentoo 11.2.0 p1' --disable-esp --enable-libstdcxx-time --enable-shared --enable-threads=posix --enable-__cxa_atexit --enable-clocale=gnu --disable-multilib --disable-fixed-point --enable-libgomp --disable-libssp --disable-libada --disable-systemtap --disable-valgrind-annotations --disable-vtable-verify --disable-libvtv --without-zstd --enable-lto --without-isl --disable-libsanitizer --enable-default-pie --enable-default-ssp
Thread model: posix
Supported LTO compression algorithms: zlib
gcc version 11.2.0 (Gentoo 11.2.0 p1) 
configure:3717: $? = 0
configure:3706: gcc -V >&5
gcc: error: unrecognized command-line option '-V'
gcc: fatal error: no input files
compilation terminated.
configure:3717: $? = 1
configure:3706: gcc -qversion >&5
gcc: error: unrecognized command-line option '-qversion'; did you mean '--version'?
gcc: fatal error: no input files
compilation terminated.
configure:3717: $? = 1
configure:3706: gcc -version >&5
gcc: error: unrecognized command-line option '-version'
gcc: fatal error: no input files
compilation terminated.
configure:3717: $? = 1
configure:3737: checking whether the C compiler works
configure:3759: gcc    conftest.c  >&5
configure:3763: $? = 0
configure:3813: result: yes
configure:3816: checking for C compiler default output file name
configure:3818: result: a.out
configure:3824: checking for suffix of executables
configure:3831: gcc -o conftest    conftest.c  >&5
configure:3835: $? = 0
configure:3858: result: 
configure:3880: checking whether we are cross compiling
configure:3888: gcc -o conftest    conftest.c  >&5
configure:3892: $? = 0
configure:3899: ./conftest
configure:3903: $? = 0
configure:3918: result: no
configure:3923: checking for suffix of object files
configure:3946: gcc -c   conftest.c >&5
configure:3950: $? = 0
configure:3972: result: o
configure:3976: checking whether the compiler supports GNU C
configure:3996: gcc -c   conftest.c >&5
configure:3996: $? = 0
configure:4006: result: yes
configure:4017: checking whether gcc accepts -g
configure:4038: gcc -c -g  conftest.c >&5
configure:4038: $? = 0
configure:4082: result: yes
configure:4102: checking for gcc option to enable C11 features
configure:4117: gcc  -c -g -O2  conftest.c >&5
configure:4117: $? = 0
configure:4135: result: none needed
configure:4251: checking whether gcc understands -c and -o together
configure:4274: gcc -c conftest.c -o conftest2.o
configure:4277: $? = 0
configure:4274: gcc -c conftest.c -o conftest2.o
configure:4277: $? = 0
configure:4289: result: yes
configure:4308: checking dependency style of gcc
configure:4420: result: gcc3
configure:4436: checking for pthread_create in -lpthread
configure:4459: gcc -o conftest -g -O2   conftest.c -lpthread   >&5
configure:4459: $? = 0
configure:4469: result: yes
configure:4481: checking for g_variant_new in -lglib-2.0
configure:4504: gcc -o conftest -g -O2   conftest.c -lglib-2.0  -lpthread  >&5
configure:4504: $? = 0
configure:4514: result: yes
configure:4526: checking for g_dbus_method_invocation_return_dbus_error in -lgio-2.0
configure:4549: gcc -o conftest -g -O2   conftest.c -lgio-2.0  -lglib-2.0 -lpthread  >&5
configure:4549: $? = 0
configure:4559: result: yes
configure:4571: checking for g_object_unref in -lgobject-2.0
configure:4594: gcc -o conftest -g -O2   conftest.c -lgobject-2.0  -lgio-2.0 -lglib-2.0 -lpthread  >&5
configure:4594: $? = 0
configure:4604: result: yes
configure:4685: checking for g++
configure:4706: found /usr/bin/g++
configure:4717: result: g++
configure:4744: checking for C++ compiler version
configure:4753: g++ --version >&5
g++ (Gentoo 11.2.0 p1) 11.2.0
Copyright (C) 2021 Free Software Foundation, Inc.
This is free software; see the source for copying conditions.  There is NO
warranty; not even for MERCHANTABILITY or FITNESS FOR A PARTICULAR PURPOSE.

configure:4764: $? = 0
configure:4753: g++ -v >&5
Using built-in specs.
COLLECT_GCC=g++
COLLECT_LTO_WRAPPER=/usr/libexec/gcc/aarch64-unknown-linux-gnu/11.2.0/lto-wrapper
Target: aarch64-unknown-linux-gnu
Configured with: /var/tmp/portage/sys-devel/gcc-11.2.0/work/gcc-11.2.0/configure --host=aarch64-unknown-linux-gnu --build=aarch64-unknown-linux-gnu --prefix=/usr --bindir=/usr/aarch64-unknown-linux-gnu/gcc-bin/11.2.0 --includedir=/usr/lib/gcc/aarch64-unknown-linux-gnu/11.2.0/include --datadir=/usr/share/gcc-data/aarch64-unknown-linux-gnu/11.2.0 --mandir=/usr/share/gcc-data/aarch64-unknown-linux-gnu/11.2.0/man --infodir=/usr/share/gcc-data/aarch64-unknown-linux-gnu/11.2.0/info --with-gxx-include-dir=/usr/lib/gcc/aarch64-unknown-linux-gnu/11.2.0/include/g++-v11 --with-python-dir=/share/gcc-data/aarch64-unknown-linux-gnu/11.2.0/python --enable-languages=c,c++,fortran --enable-obsolete --enable-secureplt --disable-werror --with-system-zlib --enable-nls --without-included-gettext --disable-libunwind-exceptions --enable-checking=release --with-bugurl=https://bugs.gentoo.org/ --with-pkgversion='Gentoo 11.2.0 p1' --disable-esp --enable-libstdcxx-time --enable-shared --enable-threads=posix --enable-__cxa_atexit --enable-clocale=gnu --disable-multilib --disable-fixed-point --enable-libgomp --disable-libssp --disable-libada --disable-systemtap --disable-valgrind-annotations --disable-vtable-verify --disable-libvtv --without-zstd --enable-lto --without-isl --disable-libsanitizer --enable-default-pie --enable-default-ssp
Thread model: posix
Supported LTO compression algorithms: zlib
gcc version 11.2.0 (Gentoo 11.2.0 p1) 
configure:4764: $? = 0
configure:4753: g++ -V >&5
g++: error: unrecognized command-line option '-V'
g++: fatal error: no input files
compilation terminated.
configure:4764: $? = 1
configure:4753: g++ -qversion >&5
g++: error: unrecognized command-line option '-qversion'; did you mean '--version'?
g++: fatal error: no input files
compilation terminated.
configure:4764: $? = 1
configure:4768: checking whether the compiler supports GNU C++
configure:4788: g++ -c   conftest.cpp >&5
configure:4788: $? = 0
configure:4798: result: yes
configure:4809: checking whether g++ accepts -g
configure:4830: g++ -c -g  conftest.cpp >&5
configure:4830: $? = 0
configure:4874: result: yes
configure:4894: checking for g++ option to enable C++11 features
configure:4909: g++  -c -g -O2  conftest.cpp >&5
conftest.cpp: In function 'int main(int, char**)':
conftest.cpp:181:25: warning: empty parentheses were disambiguated as a function declaration [-Wvexing-parse]
  181 |   cxx11test::delegate d2();
      |                         ^~
conftest.cpp:181:25: note: remove parentheses to default-initialize a variable
  181 |   cxx11test::delegate d2();
      |                         ^~
      |                         --
conftest.cpp:181:25: note: or replace parentheses with braces to value-initialize a variable
configure:4909: $? = 0
configure:4927: result: none needed
configure:4993: checking dependency style of g++
configure:5105: result: gcc3
configure:5128: checking whether g++ supports C++11 features by default
configure:5423: g++ -c -g -O2  conftest.cpp >&5
configure:5423: $? = 0
configure:5431: result: yes
configure:6160: checking for ranlib
configure:6181: found /usr/bin/ranlib
configure:6192: result: ranlib
configure:6336: checking for C++ compiler version
configure:6345: g++ --version >&5
g++ (Gentoo 11.2.0 p1) 11.2.0
Copyright (C) 2021 Free Software Foundation, Inc.
This is free software; see the source for copying conditions.  There is NO
warranty; not even for MERCHANTABILITY or FITNESS FOR A PARTICULAR PURPOSE.

configure:6356: $? = 0
configure:6345: g++ -v >&5
Using built-in specs.
COLLECT_GCC=g++
COLLECT_LTO_WRAPPER=/usr/libexec/gcc/aarch64-unknown-linux-gnu/11.2.0/lto-wrapper
Target: aarch64-unknown-linux-gnu
Configured with: /var/tmp/portage/sys-devel/gcc-11.2.0/work/gcc-11.2.0/configure --host=aarch64-unknown-linux-gnu --build=aarch64-unknown-linux-gnu --prefix=/usr --bindir=/usr/aarch64-unknown-linux-gnu/gcc-bin/11.2.0 --includedir=/usr/lib/gcc/aarch64-unknown-linux-gnu/11.2.0/include --datadir=/usr/share/gcc-data/aarch64-unknown-linux-gnu/11.2.0 --mandir=/usr/share/gcc-data/aarch64-unknown-linux-gnu/11.2.0/man --infodir=/usr/share/gcc-data/aarch64-unknown-linux-gnu/11.2.0/info --with-gxx-include-dir=/usr/lib/gcc/aarch64-unknown-linux-gnu/11.2.0/include/g++-v11 --with-python-dir=/share/gcc-data/aarch64-unknown-linux-gnu/11.2.0/python --enable-languages=c,c++,fortran --enable-obsolete --enable-secureplt --disable-werror --with-system-zlib --enable-nls --without-included-gettext --disable-libunwind-exceptions --enable-checking=release --with-bugurl=https://bugs.gentoo.org/ --with-pkgversion='Gentoo 11.2.0 p1' --disable-esp --enable-libstdcxx-time --enable-shared --enable-threads=posix --enable-__cxa_atexit --enable-clocale=gnu --disable-multilib --disable-fixed-point --enable-libgomp --disable-libssp --disable-libada --disable-systemtap --disable-valgrind-annotations --disable-vtable-verify --disable-libvtv --without-zstd --enable-lto --without-isl --disable-libsanitizer --enable-default-pie --enable-default-ssp
Thread model: posix
Supported LTO compression algorithms: zlib
gcc version 11.2.0 (Gentoo 11.2.0 p1) 
configure:6356: $? = 0
configure:6345: g++ -V >&5
g++: error: unrecognized command-line option '-V'
g++: fatal error: no input files
compilation terminated.
configure:6356: $? = 1
configure:6345: g++ -qversion >&5
g++: error: unrecognized command-line option '-qversion'; did you mean '--version'?
g++: fatal error: no input files
compilation terminated.
configure:6356: $? = 1
configure:6360: checking whether the compiler supports GNU C++
configure:6390: result: yes
configure:6401: checking whether g++ accepts -g
configure:6466: result: yes
configure:6486: checking for g++ option to enable C++11 features
configure:6519: result: none needed
configure:6585: checking dependency style of g++
configure:6697: result: gcc3
configure:6767: checking for ar
configure:6788: found /usr/bin/ar
configure:6799: result: ar
configure:6825: checking the archiver (ar) interface
configure:6842: gcc -c -g -O2  conftest.c >&5
configure:6842: $? = 0
configure:6845: ar cru libconftest.a conftest.o >&5
configure:6848: $? = 0
configure:6876: result: ar
configure:7024: checking that generated files are newer than configure
configure:7030: result: done
configure:7061: creating ./config.status

## ---------------- ##
## Cache variables. ##
## ---------------- ##

ac_cv_c_compiler_gnu=yes
ac_cv_cxx_compiler_gnu=yes
ac_cv_env_CCC_set=
ac_cv_env_CCC_value=
ac_cv_env_CC_set=
ac_cv_env_CC_value=
ac_cv_env_CFLAGS_set=
ac_cv_env_CFLAGS_value=
ac_cv_env_CPPFLAGS_set=
ac_cv_env_CPPFLAGS_value=
ac_cv_env_CXXFLAGS_set=
ac_cv_env_CXXFLAGS_value=
ac_cv_env_CXX_set=
ac_cv_env_CXX_value=
ac_cv_env_LDFLAGS_set=
ac_cv_env_LDFLAGS_value=
ac_cv_env_LIBS_set=
ac_cv_env_LIBS_value=
ac_cv_env_build_alias_set=
ac_cv_env_build_alias_value=
ac_cv_env_host_alias_set=
ac_cv_env_host_alias_value=
ac_cv_env_target_alias_set=
ac_cv_env_target_alias_value=
ac_cv_lib_gio_2_0_g_dbus_method_invocation_return_dbus_error=yes
ac_cv_lib_glib_2_0_g_variant_new=yes
ac_cv_lib_gobject_2_0_g_object_unref=yes
ac_cv_lib_pthread_pthread_create=yes
ac_cv_objext=o
ac_cv_path_install='/usr/bin/install -c'
ac_cv_path_mkdir=/bin/mkdir
ac_cv_prog_AWK=gawk
ac_cv_prog_ac_ct_AR=ar
ac_cv_prog_ac_ct_CC=gcc
ac_cv_prog_ac_ct_CXX=g++
ac_cv_prog_ac_ct_RANLIB=ranlib
ac_cv_prog_cc_c11=
ac_cv_prog_cc_g=yes
ac_cv_prog_cc_stdc=
ac_cv_prog_cxx_11=no
ac_cv_prog_cxx_cxx11=
ac_cv_prog_cxx_g=yes
ac_cv_prog_cxx_stdcxx=
ac_cv_prog_make_make_set=yes
am_cv_CC_dependencies_compiler_type=gcc3
am_cv_CXX_dependencies_compiler_type=gcc3
am_cv_ar_interface=ar
am_cv_make_support_nested_variables=yes
am_cv_prog_cc_c_o=yes
ax_cv_cxx_compile_cxx11=yes

## ----------------- ##
## Output variables. ##
## ----------------- ##

ACLOCAL='${SHELL} '\''/home/awiwi/gobbledegook/build-aux/missing'\'' aclocal-1.16'
AMDEPBACKSLASH='\'
AMDEP_FALSE='#'
AMDEP_TRUE=''
AMTAR='$${TAR-tar}'
AM_BACKSLASH='\'
AM_DEFAULT_V='$(AM_DEFAULT_VERBOSITY)'
AM_DEFAULT_VERBOSITY='1'
AM_V='$(V)'
AR='ar'
AUTOCONF='${SHELL} '\''/home/awiwi/gobbledegook/build-aux/missing'\'' autoconf'
AUTOHEADER='${SHELL} '\''/home/awiwi/gobbledegook/build-aux/missing'\'' autoheader'
AUTOMAKE='${SHELL} '\''/home/awiwi/gobbledegook/build-aux/missing'\'' automake-1.16'
AWK='gawk'
CC='gcc'
CCDEPMODE='depmode=gcc3'
CFLAGS='-g -O2'
CPPFLAGS=''
CSCOPE='cscope'
CTAGS='ctags'
CXX='g++'
CXXDEPMODE='depmode=gcc3'
CXXFLAGS='-g -O2'
CYGPATH_W='echo'
DEFS='-DHAVE_CONFIG_H'
DEPDIR='.deps'
ECHO_C=''
ECHO_N='-n'
ECHO_T=''
ETAGS='etags'
EXEEXT=''
GIO_CFLAGS='-I/usr/include/glib-2.0 -I/usr/lib64/glib-2.0/include -I/usr/lib64/libffi/include -pthread -I/usr/include/libmount -I/usr/include/blkid '
GLIB_CFLAGS='-I/usr/include/glib-2.0 -I/usr/lib64/glib-2.0/include '
GOBJECT_CFLAGS='-I/usr/include/glib-2.0 -I/usr/lib64/glib-2.0/include -I/usr/lib64/libffi/include '
HAVE_CXX11='1'
INSTALL_DATA='${INSTALL} -m 644'
INSTALL_PROGRAM='${INSTALL}'
INSTALL_SCRIPT='${INSTALL}'
INSTALL_STRIP_PROGRAM='$(install_sh) -c -s'
LDFLAGS=''
LIBOBJS=''
LIBS='-lgobject-2.0 -lgio-2.0 -lglib-2.0 -lpthread '
LTLIBOBJS=''
MAKEINFO='${SHELL} '\''/home/awiwi/gobbledegook/build-aux/missing'\'' makeinfo'
MKDIR_P='/bin/mkdir -p'
OBJEXT='o'
PACKAGE='ggk'
PACKAGE_BUGREPORT=''
PACKAGE_NAME='ggk'
PACKAGE_STRING='ggk 1.0'
PACKAGE_TARNAME='ggk'
PACKAGE_URL=''
PACKAGE_VERSION='1.0'
PATH_SEPARATOR=':'
RANLIB='ranlib'
SET_MAKE=''
SHELL='/bin/sh'
STRIP=''
VERSION='1.0'
ac_ct_AR='ar'
ac_ct_CC='gcc'
ac_ct_CXX='g++'
am__EXEEXT_FALSE=''
am__EXEEXT_TRUE='#'
am__fastdepCC_FALSE='#'
am__fastdepCC_TRUE=''
am__fastdepCXX_FALSE='#'
am__fastdepCXX_TRUE=''
am__include='include'
am__isrc=''
am__leading_dot='.'
am__nodep='_no'
am__quote=''
am__tar='$${TAR-tar} chof - "$$tardir"'
am__untar='$${TAR-tar} xf -'
bindir='${exec_prefix}/bin'
build_alias=''
datadir='${datarootdir}'
datarootdir='${prefix}/share'
docdir='${datarootdir}/doc/${PACKAGE_TARNAME}'
dvidir='${docdir}'
exec_prefix='${prefix}'
host_alias=''
htmldir='${docdir}'
includedir='${prefix}/include'
infodir='${datarootdir}/info'
install_sh='${SHELL} /home/awiwi/gobbledegook/build-aux/install-sh'
libdir='${exec_prefix}/lib'
libexecdir='${exec_prefix}/libexec'
localedir='${datarootdir}/locale'
localstatedir='${prefix}/var'
mandir='${datarootdir}/man'
mkdir_p='$(MKDIR_P)'
oldincludedir='/usr/include'
pdfdir='${docdir}'
prefix='/usr/local'
program_transform_name='s,x,x,'
psdir='${docdir}'
runstatedir='${localstatedir}/run'
sbindir='${exec_prefix}/sbin'
sharedstatedir='${prefix}/com'
sysconfdir='${prefix}/etc'
target_alias=''

## ----------- ##
## confdefs.h. ##
## ----------- ##

/* confdefs.h */
#define PACKAGE_NAME "ggk"
#define PACKAGE_TARNAME "ggk"
#define PACKAGE_VERSION "1.0"
#define PACKAGE_STRING "ggk 1.0"
#define PACKAGE_BUGREPORT ""
#define PACKAGE_URL ""
#define PACKAGE "ggk"
#define VERSION "1.0"
#define HAVE_LIBPTHREAD 1
#define HAVE_LIBGLIB_2_0 1
#define HAVE_LIBGIO_2_0 1
#define HAVE_LIBGOBJECT_2_0 1
#define HAVE_CXX11 1

configure: exit 0

## ---------------------- ##
## Running config.status. ##
## ---------------------- ##

This file was extended by ggk config.status 1.0, which was
generated by GNU Autoconf 2.71.  Invocation command line was

  CONFIG_FILES    = 
  CONFIG_HEADERS  = 
  CONFIG_LINKS    = 
  CONFIG_COMMANDS = 
  $ ./config.status 

on RaspbpiA

config.status:855: creating Makefile
config.status:855: creating src/Makefile
config.status:855: creating config.h
config.status:1036: config.h is unchanged
config.status:1084: executing depfiles commands
config.status:1161: cd src       && sed -e '/# am--include-marker/d' Makefile         | make -f - am--depfiles
make[4]: Entering directory '/home/awiwi/gobbledegook/src'
make[4]: Leaving directory '/home/awiwi/gobbledegook/src'
config.status:1166: $? = 0
